<?xml version="1.0" encoding="UTF-8"?>
<!-- Generated by org.testng.reporters.JUnitReportReporter -->
<testsuite hostname="Shubhams-Mac-mini.local" failures="0" tests="1" name="shubham1.ScrollDemoTest" time="7.113" errors="0" timestamp="2023-07-18T19:05:14 IST" skipped="0">
  <testcase classname="shubham1.ScrollDemoTest" name="ScrollDemo" time="7.113"/>
</testsuite> <!-- shubham1.ScrollDemoTest -->
